Using pre-set license
Built from '2020.3/staging' branch; Version is '2020.3.11f1 (99c7afb366b3) revision 10078127'; Using compiler version '192528614'; Build Type 'Release'
OS: 'Windows 10 Education; OS build 19041.1110; Version 2004; 64bit' Language: 'ru' Physical Memory: 15805 MB
BatchMode: 1, IsHumanControllingUs: 0, StartBugReporterOnCrash: 0, Is64bit: 1, IsPro: 0

 COMMAND LINE ARGUMENTS:
C:\Program Files\Unity\Hub\Editor\2020.3.11f1\Editor\Unity.exe
-adb2
-batchMode
-noUpm
-name
AssetImportWorker1
-projectPath
C:/Users/Nintoryan/Documents/GitHub/CubeRub
-logFile
Logs/AssetImportWorker1.log
-srvPort
59113
Successfully changed project path to: C:/Users/Nintoryan/Documents/GitHub/CubeRub
C:/Users/Nintoryan/Documents/GitHub/CubeRub
Using Asset Import Pipeline V2.
Refreshing native plugins compatible for Editor in 43.72 ms, found 2 plugins.
Preloading 0 native plugins for Editor in 0.00 ms.
Initialize engine version: 2020.3.11f1 (99c7afb366b3)
[Subsystems] Discovering subsystems at path C:/Program Files/Unity/Hub/Editor/2020.3.11f1/Editor/Data/Resources/UnitySubsystems
[Subsystems] Discovering subsystems at path C:/Users/Nintoryan/Documents/GitHub/CubeRub/Assets
GfxDevice: creating device client; threaded=0
Direct3D:
    Version:  Direct3D 11.0 [level 11.1]
    Renderer: NVIDIA GeForce GTX 1650 (ID=0x1f91)
    Vendor:   
    VRAM:     3962 MB
    Driver:   27.21.14.5206
Initialize mono
Mono path[0] = 'C:/Program Files/Unity/Hub/Editor/2020.3.11f1/Editor/Data/Managed'
Mono path[1] = 'C:/Program Files/Unity/Hub/Editor/2020.3.11f1/Editor/Data/MonoBleedingEdge/lib/mono/unityjit'
Mono config path = 'C:/Program Files/Unity/Hub/Editor/2020.3.11f1/Editor/Data/MonoBleedingEdge/etc'
Using monoOptions --debugger-agent=transport=dt_socket,embedding=1,server=y,suspend=n,address=127.0.0.1:56404
Begin MonoManager ReloadAssembly
Registering precompiled unity dll's ...
Register platform support module: C:/Program Files/Unity/Hub/Editor/2020.3.11f1/Editor/Data/PlaybackEngines/MacStandaloneSupport/UnityEditor.OSXStandalone.Extensions.dll
Register platform support module: C:/Program Files/Unity/Hub/Editor/2020.3.11f1/Editor/Data/PlaybackEngines/WindowsStandaloneSupport/UnityEditor.WindowsStandalone.Extensions.dll
Registered in 0.003559 seconds.
Native extension for WindowsStandalone target not found
Native extension for OSXStandalone target not found
Refreshing native plugins compatible for Editor in 39.61 ms, found 2 plugins.
Preloading 0 native plugins for Editor in 0.00 ms.
Mono: successfully reloaded assembly
- Completed reload, in  3.449 seconds
Platform modules already initialized, skipping
Registering precompiled user dll's ...
Registered in 0.006276 seconds.
Begin MonoManager ReloadAssembly
Native extension for WindowsStandalone target not found
Native extension for OSXStandalone target not found
Refreshing native plugins compatible for Editor in 0.46 ms, found 2 plugins.
Preloading 0 native plugins for Editor in 0.00 ms.
Mono: successfully reloaded assembly
- Completed reload, in  1.354 seconds
Platform modules already initialized, skipping
========================================================================
Worker process is ready to serve import requests
Launched and connected shader compiler UnityShaderCompiler.exe after 0.11 seconds
Refreshing native plugins compatible for Editor in 0.48 ms, found 2 plugins.
Preloading 0 native plugins for Editor in 0.00 ms.
Unloading 1426 Unused Serialized files (Serialized files now loaded: 0)
System memory in use before: 69.4 MB.
System memory in use after: 69.4 MB.

Unloading 21 unused Assets to reduce memory usage. Loaded Objects now: 1866.
Total: 2.624600 ms (FindLiveObjects: 0.209000 ms CreateObjectMapping: 0.042900 ms MarkObjects: 2.251200 ms  DeleteObjects: 0.119700 ms)

========================================================================
Received Import Request.
  path: Assets/Scenes/Level2.unity
  artifactKey: Guid(f3f47f1a136c31e4a982955b011b1223) Importer(815301076,1909f56bfc062723c751e8b465ee728b)
Start importing Assets/Scenes/Level2.unity using Guid(f3f47f1a136c31e4a982955b011b1223) Importer(815301076,1909f56bfc062723c751e8b465ee728b)  -> (artifact id: '6d6bbab66329c427f1aa39c83ee7c17b') in 0.017968 seconds
  Import took 0.021181 seconds .

========================================================================
Received Prepare
Registering precompiled user dll's ...
Registered in 0.005758 seconds.
Begin MonoManager ReloadAssembly
Native extension for WindowsStandalone target not found
Native extension for OSXStandalone target not found
Refreshing native plugins compatible for Editor in 0.59 ms, found 2 plugins.
Preloading 0 native plugins for Editor in 0.00 ms.
Mono: successfully reloaded assembly
- Completed reload, in  1.227 seconds
Platform modules already initialized, skipping
Refreshing native plugins compatible for Editor in 0.45 ms, found 2 plugins.
Preloading 0 native plugins for Editor in 0.00 ms.
Unloading 1408 Unused Serialized files (Serialized files now loaded: 0)
System memory in use before: 68.0 MB.
System memory in use after: 68.1 MB.

Unloading 16 unused Assets to reduce memory usage. Loaded Objects now: 1869.
Total: 2.575600 ms (FindLiveObjects: 0.203400 ms CreateObjectMapping: 0.045000 ms MarkObjects: 2.244200 ms  DeleteObjects: 0.081400 ms)

========================================================================
Received Prepare
Registering precompiled user dll's ...
Registered in 0.009067 seconds.
Begin MonoManager ReloadAssembly
Native extension for WindowsStandalone target not found
Native extension for OSXStandalone target not found
Refreshing native plugins compatible for Editor in 0.71 ms, found 2 plugins.
Preloading 0 native plugins for Editor in 0.00 ms.
Mono: successfully reloaded assembly
- Completed reload, in  1.944 seconds
Platform modules already initialized, skipping
Refreshing native plugins compatible for Editor in 0.47 ms, found 2 plugins.
Preloading 0 native plugins for Editor in 0.00 ms.
Unloading 1408 Unused Serialized files (Serialized files now loaded: 0)
System memory in use before: 68.0 MB.
System memory in use after: 68.1 MB.

Unloading 16 unused Assets to reduce memory usage. Loaded Objects now: 1872.
Total: 2.688200 ms (FindLiveObjects: 0.201100 ms CreateObjectMapping: 0.037300 ms MarkObjects: 2.361200 ms  DeleteObjects: 0.086700 ms)

========================================================================
Received Prepare
Registering precompiled user dll's ...
Registered in 0.005968 seconds.
Begin MonoManager ReloadAssembly
Native extension for WindowsStandalone target not found
Native extension for OSXStandalone target not found
Refreshing native plugins compatible for Editor in 0.47 ms, found 2 plugins.
Preloading 0 native plugins for Editor in 0.00 ms.
Mono: successfully reloaded assembly
- Completed reload, in  1.253 seconds
Platform modules already initialized, skipping
Refreshing native plugins compatible for Editor in 0.46 ms, found 2 plugins.
Preloading 0 native plugins for Editor in 0.00 ms.
Unloading 1408 Unused Serialized files (Serialized files now loaded: 0)
System memory in use before: 68.1 MB.
System memory in use after: 68.1 MB.

Unloading 16 unused Assets to reduce memory usage. Loaded Objects now: 1875.
Total: 2.992500 ms (FindLiveObjects: 0.207100 ms CreateObjectMapping: 0.124600 ms MarkObjects: 2.572200 ms  DeleteObjects: 0.086800 ms)

========================================================================
Received Prepare
Registering precompiled user dll's ...
Registered in 0.005693 seconds.
Begin MonoManager ReloadAssembly
Native extension for WindowsStandalone target not found
Native extension for OSXStandalone target not found
Refreshing native plugins compatible for Editor in 0.50 ms, found 2 plugins.
Preloading 0 native plugins for Editor in 0.00 ms.
Mono: successfully reloaded assembly
- Completed reload, in  1.302 seconds
Platform modules already initialized, skipping
Refreshing native plugins compatible for Editor in 0.51 ms, found 2 plugins.
Preloading 0 native plugins for Editor in 0.00 ms.
Unloading 1408 Unused Serialized files (Serialized files now loaded: 0)
System memory in use before: 68.1 MB.
System memory in use after: 68.2 MB.

Unloading 16 unused Assets to reduce memory usage. Loaded Objects now: 1878.
Total: 3.616900 ms (FindLiveObjects: 0.369200 ms CreateObjectMapping: 0.075300 ms MarkObjects: 3.092300 ms  DeleteObjects: 0.077900 ms)

========================================================================
Received Prepare
Registering precompiled user dll's ...
Registered in 0.005969 seconds.
Begin MonoManager ReloadAssembly
Native extension for WindowsStandalone target not found
Native extension for OSXStandalone target not found
Refreshing native plugins compatible for Editor in 0.47 ms, found 2 plugins.
Preloading 0 native plugins for Editor in 0.00 ms.
Mono: successfully reloaded assembly
- Completed reload, in  1.251 seconds
Platform modules already initialized, skipping
Refreshing native plugins compatible for Editor in 0.45 ms, found 2 plugins.
Preloading 0 native plugins for Editor in 0.00 ms.
Unloading 1408 Unused Serialized files (Serialized files now loaded: 0)
System memory in use before: 68.1 MB.
System memory in use after: 68.2 MB.

Unloading 16 unused Assets to reduce memory usage. Loaded Objects now: 1881.
Total: 3.124300 ms (FindLiveObjects: 0.217100 ms CreateObjectMapping: 0.049300 ms MarkObjects: 2.753100 ms  DeleteObjects: 0.102800 ms)

========================================================================
Received Prepare
Registering precompiled user dll's ...
Registered in 0.006440 seconds.
Begin MonoManager ReloadAssembly
Native extension for WindowsStandalone target not found
Native extension for OSXStandalone target not found
Refreshing native plugins compatible for Editor in 0.57 ms, found 2 plugins.
Preloading 0 native plugins for Editor in 0.00 ms.
Mono: successfully reloaded assembly
- Completed reload, in  1.211 seconds
Platform modules already initialized, skipping
Refreshing native plugins compatible for Editor in 0.49 ms, found 2 plugins.
Preloading 0 native plugins for Editor in 0.00 ms.
Unloading 1408 Unused Serialized files (Serialized files now loaded: 0)
System memory in use before: 68.1 MB.
System memory in use after: 68.2 MB.

Unloading 16 unused Assets to reduce memory usage. Loaded Objects now: 1884.
Total: 2.624000 ms (FindLiveObjects: 0.209900 ms CreateObjectMapping: 0.042800 ms MarkObjects: 2.290600 ms  DeleteObjects: 0.078900 ms)

========================================================================
Received Import Request.
  Time since last request: 325.866582 seconds.
  path: Assets/Scenes/Level1.unity
  artifactKey: Guid(9fc0d4010bbf28b4594072e72b8655ab) Importer(815301076,1909f56bfc062723c751e8b465ee728b)
Start importing Assets/Scenes/Level1.unity using Guid(9fc0d4010bbf28b4594072e72b8655ab) Importer(815301076,1909f56bfc062723c751e8b465ee728b)  -> (artifact id: '05d5cc561e676c7581bdc571e3b09e9d') in 0.021302 seconds
  Import took 0.024710 seconds .

========================================================================
Received Prepare
Registering precompiled user dll's ...
Registered in 0.005943 seconds.
Begin MonoManager ReloadAssembly
Native extension for WindowsStandalone target not found
Native extension for OSXStandalone target not found
Refreshing native plugins compatible for Editor in 0.75 ms, found 2 plugins.
Preloading 0 native plugins for Editor in 0.00 ms.
Mono: successfully reloaded assembly
- Completed reload, in  1.218 seconds
Platform modules already initialized, skipping
Refreshing native plugins compatible for Editor in 0.50 ms, found 2 plugins.
Preloading 0 native plugins for Editor in 0.00 ms.
Unloading 1408 Unused Serialized files (Serialized files now loaded: 0)
System memory in use before: 68.1 MB.
System memory in use after: 68.2 MB.

Unloading 16 unused Assets to reduce memory usage. Loaded Objects now: 1887.
Total: 2.647100 ms (FindLiveObjects: 0.208400 ms CreateObjectMapping: 0.041900 ms MarkObjects: 2.325200 ms  DeleteObjects: 0.069900 ms)

========================================================================
Received Import Request.
  Time since last request: 5.242102 seconds.
  path: Assets/Resources/Prefabs/Car.prefab
  artifactKey: Guid(3f023f73d45290842aced8ffab014df9) Importer(815301076,1909f56bfc062723c751e8b465ee728b)
Start importing Assets/Resources/Prefabs/Car.prefab using Guid(3f023f73d45290842aced8ffab014df9) Importer(815301076,1909f56bfc062723c751e8b465ee728b)  -> (artifact id: '8128d3a674be32cdb963c47e46864f12') in 0.130660 seconds
  Import took 0.133856 seconds .

========================================================================
Received Import Request.
  Time since last request: 7.062851 seconds.
  path: Assets/Scenes/Level2.unity
  artifactKey: Guid(f3f47f1a136c31e4a982955b011b1223) Importer(815301076,1909f56bfc062723c751e8b465ee728b)
Start importing Assets/Scenes/Level2.unity using Guid(f3f47f1a136c31e4a982955b011b1223) Importer(815301076,1909f56bfc062723c751e8b465ee728b)  -> (artifact id: 'c0ea6010b190ef80a67e3aa859043ebe') in 0.003519 seconds
  Import took 0.006409 seconds .

========================================================================
Received Import Request.
  Time since last request: 58.645159 seconds.
  path: Assets/Scenes/Test.unity
  artifactKey: Guid(6f3c98190b471124197cb65e964caa7f) Importer(815301076,1909f56bfc062723c751e8b465ee728b)
Start importing Assets/Scenes/Test.unity using Guid(6f3c98190b471124197cb65e964caa7f) Importer(815301076,1909f56bfc062723c751e8b465ee728b)  -> (artifact id: '3c48683a8048959bc5ecfd6030045734') in 0.003952 seconds
  Import took 0.007165 seconds .

========================================================================
Received Import Request.
  Time since last request: 0.023055 seconds.
  path: Assets/Scenes/Test.unity
  artifactKey: Guid(6f3c98190b471124197cb65e964caa7f) Importer(815301076,1909f56bfc062723c751e8b465ee728b)
Start importing Assets/Scenes/Test.unity using Guid(6f3c98190b471124197cb65e964caa7f) Importer(815301076,1909f56bfc062723c751e8b465ee728b)  -> (artifact id: '3c48683a8048959bc5ecfd6030045734') in 0.003427 seconds
  Import took 0.006353 seconds .

========================================================================
Received Prepare
Registering precompiled user dll's ...
Registered in 0.006951 seconds.
Begin MonoManager ReloadAssembly
Native extension for WindowsStandalone target not found
Native extension for OSXStandalone target not found
Refreshing native plugins compatible for Editor in 0.61 ms, found 2 plugins.
Preloading 0 native plugins for Editor in 0.00 ms.
Mono: successfully reloaded assembly
- Completed reload, in  1.637 seconds
Platform modules already initialized, skipping
Refreshing native plugins compatible for Editor in 0.58 ms, found 2 plugins.
Preloading 0 native plugins for Editor in 0.00 ms.
Unloading 1408 Unused Serialized files (Serialized files now loaded: 0)
System memory in use before: 71.2 MB.
System memory in use after: 71.3 MB.

Unloading 16 unused Assets to reduce memory usage. Loaded Objects now: 1897.
Total: 3.444400 ms (FindLiveObjects: 0.262000 ms CreateObjectMapping: 0.046200 ms MarkObjects: 3.043300 ms  DeleteObjects: 0.091000 ms)

========================================================================
Received Prepare
Registering precompiled user dll's ...
Registered in 0.006411 seconds.
Begin MonoManager ReloadAssembly
Native extension for WindowsStandalone target not found
Native extension for OSXStandalone target not found
Refreshing native plugins compatible for Editor in 0.68 ms, found 2 plugins.
Preloading 0 native plugins for Editor in 0.00 ms.
Mono: successfully reloaded assembly
- Completed reload, in  1.584 seconds
Platform modules already initialized, skipping
Refreshing native plugins compatible for Editor in 0.73 ms, found 2 plugins.
Preloading 0 native plugins for Editor in 0.00 ms.
Unloading 1408 Unused Serialized files (Serialized files now loaded: 0)
System memory in use before: 71.2 MB.
System memory in use after: 71.3 MB.

Unloading 16 unused Assets to reduce memory usage. Loaded Objects now: 1900.
Total: 5.324100 ms (FindLiveObjects: 0.893300 ms CreateObjectMapping: 0.297300 ms MarkObjects: 4.047500 ms  DeleteObjects: 0.082100 ms)

========================================================================
Received Prepare
Registering precompiled user dll's ...
Registered in 0.006410 seconds.
Begin MonoManager ReloadAssembly
Native extension for WindowsStandalone target not found
Native extension for OSXStandalone target not found
Refreshing native plugins compatible for Editor in 0.47 ms, found 2 plugins.
Preloading 0 native plugins for Editor in 0.00 ms.
Mono: successfully reloaded assembly
- Completed reload, in  1.284 seconds
Platform modules already initialized, skipping
Refreshing native plugins compatible for Editor in 0.45 ms, found 2 plugins.
Preloading 0 native plugins for Editor in 0.00 ms.
Unloading 1408 Unused Serialized files (Serialized files now loaded: 0)
System memory in use before: 71.2 MB.
System memory in use after: 71.3 MB.

Unloading 16 unused Assets to reduce memory usage. Loaded Objects now: 1903.
Total: 2.827100 ms (FindLiveObjects: 0.222100 ms CreateObjectMapping: 0.050300 ms MarkObjects: 2.466000 ms  DeleteObjects: 0.087100 ms)

========================================================================
Received Prepare
Registering precompiled user dll's ...
Registered in 0.006013 seconds.
Begin MonoManager ReloadAssembly
Native extension for WindowsStandalone target not found
Native extension for OSXStandalone target not found
Refreshing native plugins compatible for Editor in 0.46 ms, found 2 plugins.
Preloading 0 native plugins for Editor in 0.00 ms.
Mono: successfully reloaded assembly
- Completed reload, in  1.197 seconds
Platform modules already initialized, skipping
Refreshing native plugins compatible for Editor in 0.46 ms, found 2 plugins.
Preloading 0 native plugins for Editor in 0.00 ms.
Unloading 1408 Unused Serialized files (Serialized files now loaded: 0)
System memory in use before: 71.3 MB.
System memory in use after: 71.3 MB.

Unloading 16 unused Assets to reduce memory usage. Loaded Objects now: 1906.
Total: 2.846400 ms (FindLiveObjects: 0.228200 ms CreateObjectMapping: 0.049200 ms MarkObjects: 2.483800 ms  DeleteObjects: 0.083400 ms)

========================================================================
Received Prepare
Registering precompiled user dll's ...
Registered in 0.005889 seconds.
Begin MonoManager ReloadAssembly
Native extension for WindowsStandalone target not found
Native extension for OSXStandalone target not found
Refreshing native plugins compatible for Editor in 0.61 ms, found 2 plugins.
Preloading 0 native plugins for Editor in 0.00 ms.
Mono: successfully reloaded assembly
- Completed reload, in  1.269 seconds
Platform modules already initialized, skipping
Refreshing native plugins compatible for Editor in 0.45 ms, found 2 plugins.
Preloading 0 native plugins for Editor in 0.00 ms.
Unloading 1408 Unused Serialized files (Serialized files now loaded: 0)
System memory in use before: 71.3 MB.
System memory in use after: 71.3 MB.

Unloading 16 unused Assets to reduce memory usage. Loaded Objects now: 1909.
Total: 2.989300 ms (FindLiveObjects: 0.217400 ms CreateObjectMapping: 0.044900 ms MarkObjects: 2.635300 ms  DeleteObjects: 0.089900 ms)

========================================================================
Received Prepare
Registering precompiled user dll's ...
Registered in 0.005759 seconds.
Begin MonoManager ReloadAssembly
Native extension for WindowsStandalone target not found
Native extension for OSXStandalone target not found
Refreshing native plugins compatible for Editor in 0.46 ms, found 2 plugins.
Preloading 0 native plugins for Editor in 0.00 ms.
Mono: successfully reloaded assembly
- Completed reload, in  1.276 seconds
Platform modules already initialized, skipping
Refreshing native plugins compatible for Editor in 0.48 ms, found 2 plugins.
Preloading 0 native plugins for Editor in 0.00 ms.
Unloading 1408 Unused Serialized files (Serialized files now loaded: 0)
System memory in use before: 71.3 MB.
System memory in use after: 71.3 MB.

Unloading 16 unused Assets to reduce memory usage. Loaded Objects now: 1912.
Total: 2.439400 ms (FindLiveObjects: 0.192100 ms CreateObjectMapping: 0.034800 ms MarkObjects: 2.138200 ms  DeleteObjects: 0.073000 ms)

========================================================================
Received Prepare
Registering precompiled user dll's ...
Registered in 0.006814 seconds.
Begin MonoManager ReloadAssembly
Native extension for WindowsStandalone target not found
Native extension for OSXStandalone target not found
Refreshing native plugins compatible for Editor in 0.73 ms, found 2 plugins.
Preloading 0 native plugins for Editor in 0.00 ms.
Mono: successfully reloaded assembly
- Completed reload, in  1.323 seconds
Platform modules already initialized, skipping
Refreshing native plugins compatible for Editor in 0.71 ms, found 2 plugins.
Preloading 0 native plugins for Editor in 0.00 ms.
Unloading 1408 Unused Serialized files (Serialized files now loaded: 0)
System memory in use before: 71.3 MB.
System memory in use after: 71.3 MB.

Unloading 16 unused Assets to reduce memory usage. Loaded Objects now: 1915.
Total: 2.947900 ms (FindLiveObjects: 0.243700 ms CreateObjectMapping: 0.046900 ms MarkObjects: 2.586800 ms  DeleteObjects: 0.068300 ms)

========================================================================
Received Prepare
Registering precompiled user dll's ...
Registered in 0.006268 seconds.
Begin MonoManager ReloadAssembly
Native extension for WindowsStandalone target not found
Native extension for OSXStandalone target not found
Refreshing native plugins compatible for Editor in 0.46 ms, found 2 plugins.
Preloading 0 native plugins for Editor in 0.00 ms.
Mono: successfully reloaded assembly
- Completed reload, in  1.249 seconds
Platform modules already initialized, skipping
Refreshing native plugins compatible for Editor in 0.49 ms, found 2 plugins.
Preloading 0 native plugins for Editor in 0.00 ms.
Unloading 1408 Unused Serialized files (Serialized files now loaded: 0)
System memory in use before: 71.3 MB.
System memory in use after: 71.4 MB.

Unloading 16 unused Assets to reduce memory usage. Loaded Objects now: 1918.
Total: 2.826600 ms (FindLiveObjects: 0.216900 ms CreateObjectMapping: 0.056700 ms MarkObjects: 2.475100 ms  DeleteObjects: 0.076000 ms)

========================================================================
Received Prepare
Registering precompiled user dll's ...
Registered in 0.007252 seconds.
Begin MonoManager ReloadAssembly
Native extension for WindowsStandalone target not found
Native extension for OSXStandalone target not found
Refreshing native plugins compatible for Editor in 0.65 ms, found 2 plugins.
Preloading 0 native plugins for Editor in 0.00 ms.
Mono: successfully reloaded assembly
- Completed reload, in  1.695 seconds
Platform modules already initialized, skipping
Refreshing native plugins compatible for Editor in 0.79 ms, found 2 plugins.
Preloading 0 native plugins for Editor in 0.00 ms.
Unloading 1408 Unused Serialized files (Serialized files now loaded: 0)
System memory in use before: 71.3 MB.
System memory in use after: 71.4 MB.

Unloading 16 unused Assets to reduce memory usage. Loaded Objects now: 1921.
Total: 3.803500 ms (FindLiveObjects: 0.544500 ms CreateObjectMapping: 0.157400 ms MarkObjects: 3.010700 ms  DeleteObjects: 0.089200 ms)

========================================================================
Received Prepare
Registering precompiled user dll's ...
Registered in 0.009040 seconds.
Begin MonoManager ReloadAssembly
Native extension for WindowsStandalone target not found
Native extension for OSXStandalone target not found
Refreshing native plugins compatible for Editor in 0.47 ms, found 2 plugins.
Preloading 0 native plugins for Editor in 0.00 ms.
Mono: successfully reloaded assembly
- Completed reload, in  1.261 seconds
Platform modules already initialized, skipping
Refreshing native plugins compatible for Editor in 0.51 ms, found 2 plugins.
Preloading 0 native plugins for Editor in 0.00 ms.
Unloading 1408 Unused Serialized files (Serialized files now loaded: 0)
System memory in use before: 71.3 MB.
System memory in use after: 71.4 MB.

Unloading 16 unused Assets to reduce memory usage. Loaded Objects now: 1924.
Total: 2.735800 ms (FindLiveObjects: 0.213800 ms CreateObjectMapping: 0.043400 ms MarkObjects: 2.401000 ms  DeleteObjects: 0.075600 ms)

========================================================================
Received Prepare
Registering precompiled user dll's ...
Registered in 0.006255 seconds.
Begin MonoManager ReloadAssembly
Native extension for WindowsStandalone target not found
Native extension for OSXStandalone target not found
Refreshing native plugins compatible for Editor in 0.46 ms, found 2 plugins.
Preloading 0 native plugins for Editor in 0.00 ms.
Mono: successfully reloaded assembly
- Completed reload, in  1.230 seconds
Platform modules already initialized, skipping
Refreshing native plugins compatible for Editor in 0.44 ms, found 2 plugins.
Preloading 0 native plugins for Editor in 0.00 ms.
Unloading 1430 Unused Serialized files (Serialized files now loaded: 0)
System memory in use before: 71.9 MB.
System memory in use after: 72.0 MB.

Unloading 16 unused Assets to reduce memory usage. Loaded Objects now: 1949.
Total: 2.676100 ms (FindLiveObjects: 0.202500 ms CreateObjectMapping: 0.042000 ms MarkObjects: 2.351700 ms  DeleteObjects: 0.078000 ms)

========================================================================
Received Import Request.
  Time since last request: 1074.584060 seconds.
  path: Assets/Scripts/Car/Follower.cs
  artifactKey: Guid(6e37c6cc467271946bcac29f6352bc74) Importer(815301076,1909f56bfc062723c751e8b465ee728b)
Start importing Assets/Scripts/Car/Follower.cs using Guid(6e37c6cc467271946bcac29f6352bc74) Importer(815301076,1909f56bfc062723c751e8b465ee728b)  -> (artifact id: 'da7c68032f3e55b848c16624c1f62aae') in 0.013005 seconds
  Import took 0.016725 seconds .

========================================================================
Received Prepare
Registering precompiled user dll's ...
Registered in 0.009673 seconds.
Begin MonoManager ReloadAssembly
Native extension for WindowsStandalone target not found
Native extension for OSXStandalone target not found
Refreshing native plugins compatible for Editor in 0.64 ms, found 2 plugins.
Preloading 0 native plugins for Editor in 0.00 ms.
Mono: successfully reloaded assembly
- Completed reload, in  1.944 seconds
Platform modules already initialized, skipping
Refreshing native plugins compatible for Editor in 0.48 ms, found 2 plugins.
Preloading 0 native plugins for Editor in 0.00 ms.
Unloading 1431 Unused Serialized files (Serialized files now loaded: 0)
System memory in use before: 71.9 MB.
System memory in use after: 72.0 MB.

Unloading 16 unused Assets to reduce memory usage. Loaded Objects now: 1953.
Total: 2.450600 ms (FindLiveObjects: 0.335000 ms CreateObjectMapping: 0.040400 ms MarkObjects: 1.998900 ms  DeleteObjects: 0.074600 ms)

========================================================================
Received Import Request.
  Time since last request: 105.683413 seconds.
  path: Assets/Scripts/Car/Follower.cs
  artifactKey: Guid(6e37c6cc467271946bcac29f6352bc74) Importer(815301076,1909f56bfc062723c751e8b465ee728b)
Start importing Assets/Scripts/Car/Follower.cs using Guid(6e37c6cc467271946bcac29f6352bc74) Importer(815301076,1909f56bfc062723c751e8b465ee728b)  -> (artifact id: '5521b4f128e5af2d270a5b9bf0eed887') in 0.010765 seconds
  Import took 0.015402 seconds .

========================================================================
Received Prepare
Registering precompiled user dll's ...
Registered in 0.009878 seconds.
Begin MonoManager ReloadAssembly
Native extension for WindowsStandalone target not found
Native extension for OSXStandalone target not found
Refreshing native plugins compatible for Editor in 0.47 ms, found 2 plugins.
Preloading 0 native plugins for Editor in 0.00 ms.
Mono: successfully reloaded assembly
- Completed reload, in  1.483 seconds
Platform modules already initialized, skipping
Refreshing native plugins compatible for Editor in 0.74 ms, found 2 plugins.
Preloading 0 native plugins for Editor in 0.00 ms.
Unloading 1431 Unused Serialized files (Serialized files now loaded: 0)
System memory in use before: 71.9 MB.
System memory in use after: 72.0 MB.

Unloading 16 unused Assets to reduce memory usage. Loaded Objects now: 1956.
Total: 4.075900 ms (FindLiveObjects: 0.261400 ms CreateObjectMapping: 0.065400 ms MarkObjects: 3.639100 ms  DeleteObjects: 0.108000 ms)

========================================================================
Received Prepare
Registering precompiled user dll's ...
Registered in 0.007079 seconds.
Begin MonoManager ReloadAssembly
Native extension for WindowsStandalone target not found
Native extension for OSXStandalone target not found
Refreshing native plugins compatible for Editor in 0.91 ms, found 2 plugins.
Preloading 0 native plugins for Editor in 0.00 ms.
Mono: successfully reloaded assembly
- Completed reload, in  1.668 seconds
Platform modules already initialized, skipping
Refreshing native plugins compatible for Editor in 0.69 ms, found 2 plugins.
Preloading 0 native plugins for Editor in 0.00 ms.
Unloading 1431 Unused Serialized files (Serialized files now loaded: 0)
System memory in use before: 71.9 MB.
System memory in use after: 72.0 MB.

Unloading 16 unused Assets to reduce memory usage. Loaded Objects now: 1959.
Total: 3.813800 ms (FindLiveObjects: 0.276500 ms CreateObjectMapping: 0.051700 ms MarkObjects: 3.164200 ms  DeleteObjects: 0.319300 ms)

========================================================================
Received Prepare
Registering precompiled user dll's ...
Registered in 0.005711 seconds.
Begin MonoManager ReloadAssembly
Native extension for WindowsStandalone target not found
Native extension for OSXStandalone target not found
Refreshing native plugins compatible for Editor in 0.62 ms, found 2 plugins.
Preloading 0 native plugins for Editor in 0.00 ms.
Mono: successfully reloaded assembly
- Completed reload, in  1.259 seconds
Platform modules already initialized, skipping
Refreshing native plugins compatible for Editor in 0.61 ms, found 2 plugins.
Preloading 0 native plugins for Editor in 0.00 ms.
Unloading 1431 Unused Serialized files (Serialized files now loaded: 0)
System memory in use before: 72.0 MB.
System memory in use after: 72.0 MB.

Unloading 16 unused Assets to reduce memory usage. Loaded Objects now: 1962.
Total: 2.858300 ms (FindLiveObjects: 0.255400 ms CreateObjectMapping: 0.046800 ms MarkObjects: 2.472800 ms  DeleteObjects: 0.081800 ms)

========================================================================
Received Prepare
Registering precompiled user dll's ...
Registered in 0.005737 seconds.
Begin MonoManager ReloadAssembly
Native extension for WindowsStandalone target not found
Native extension for OSXStandalone target not found
Refreshing native plugins compatible for Editor in 0.47 ms, found 2 plugins.
Preloading 0 native plugins for Editor in 0.00 ms.
Mono: successfully reloaded assembly
- Completed reload, in  1.249 seconds
Platform modules already initialized, skipping
Refreshing native plugins compatible for Editor in 0.46 ms, found 2 plugins.
Preloading 0 native plugins for Editor in 0.00 ms.
Unloading 1431 Unused Serialized files (Serialized files now loaded: 0)
System memory in use before: 72.0 MB.
System memory in use after: 72.0 MB.

Unloading 16 unused Assets to reduce memory usage. Loaded Objects now: 1965.
Total: 2.835900 ms (FindLiveObjects: 0.221400 ms CreateObjectMapping: 0.044200 ms MarkObjects: 2.479400 ms  DeleteObjects: 0.089200 ms)

========================================================================
Received Import Request.
  Time since last request: 268.982270 seconds.
  path: Assets/Scripts/Car/Car.cs
  artifactKey: Guid(ae0f55434f29a664e8692e616af1c48c) Importer(815301076,1909f56bfc062723c751e8b465ee728b)
Start importing Assets/Scripts/Car/Car.cs using Guid(ae0f55434f29a664e8692e616af1c48c) Importer(815301076,1909f56bfc062723c751e8b465ee728b)  -> (artifact id: 'a1007bd65b7bcd6fc08c5bd28eb33f68') in 0.006857 seconds
  Import took 0.009886 seconds .

========================================================================
Received Import Request.
  Time since last request: 0.014483 seconds.
  path: Assets/Scripts/Car/Car.cs
  artifactKey: Guid(ae0f55434f29a664e8692e616af1c48c) Importer(815301076,1909f56bfc062723c751e8b465ee728b)
Start importing Assets/Scripts/Car/Car.cs using Guid(ae0f55434f29a664e8692e616af1c48c) Importer(815301076,1909f56bfc062723c751e8b465ee728b)  -> (artifact id: 'a1007bd65b7bcd6fc08c5bd28eb33f68') in 0.004263 seconds
  Import took 0.007368 seconds .

========================================================================
Received Import Request.
  Time since last request: 41.887531 seconds.
  path: Assets/Scripts/Car/FollowPath.cs
  artifactKey: Guid(a3c3256151cf8d940b775f283e2740cf) Importer(815301076,1909f56bfc062723c751e8b465ee728b)
Start importing Assets/Scripts/Car/FollowPath.cs using Guid(a3c3256151cf8d940b775f283e2740cf) Importer(815301076,1909f56bfc062723c751e8b465ee728b)  -> (artifact id: '666aa89a5d09dc91d6bf28018e4cc48a') in 0.004355 seconds
  Import took 0.007338 seconds .

========================================================================
Received Import Request.
  Time since last request: 0.004540 seconds.
  path: Assets/Scripts/Car/FollowPath.cs
  artifactKey: Guid(a3c3256151cf8d940b775f283e2740cf) Importer(815301076,1909f56bfc062723c751e8b465ee728b)
Start importing Assets/Scripts/Car/FollowPath.cs using Guid(a3c3256151cf8d940b775f283e2740cf) Importer(815301076,1909f56bfc062723c751e8b465ee728b)  -> (artifact id: '666aa89a5d09dc91d6bf28018e4cc48a') in 0.003697 seconds
  Import took 0.006373 seconds .

========================================================================
Received Import Request.
  Time since last request: 24.839120 seconds.
  path: Assets/Scripts/Car/Car.cs
  artifactKey: Guid(a3c3256151cf8d940b775f283e2740cf) Importer(815301076,1909f56bfc062723c751e8b465ee728b)
Start importing Assets/Scripts/Car/Car.cs using Guid(a3c3256151cf8d940b775f283e2740cf) Importer(815301076,1909f56bfc062723c751e8b465ee728b)  -> (artifact id: 'e238db0035ff068cbb58758dea702541') in 0.005244 seconds
  Import took 0.009090 seconds .

========================================================================
Received Import Request.
  Time since last request: 12.152342 seconds.
  path: Assets/Scripts/Car/Car.cs
  artifactKey: Guid(a3c3256151cf8d940b775f283e2740cf) Importer(815301076,1909f56bfc062723c751e8b465ee728b)
Start importing Assets/Scripts/Car/Car.cs using Guid(a3c3256151cf8d940b775f283e2740cf) Importer(815301076,1909f56bfc062723c751e8b465ee728b)  -> (artifact id: '5c2b611a1c308443dc281f37ce662dd6') in 0.004169 seconds
  Import took 0.007747 seconds .

========================================================================
Received Prepare
Registering precompiled user dll's ...
Registered in 0.005759 seconds.
Begin MonoManager ReloadAssembly
Native extension for WindowsStandalone target not found
Native extension for OSXStandalone target not found
Refreshing native plugins compatible for Editor in 0.61 ms, found 2 plugins.
Preloading 0 native plugins for Editor in 0.00 ms.
Mono: successfully reloaded assembly
- Completed reload, in  1.277 seconds
Platform modules already initialized, skipping
Refreshing native plugins compatible for Editor in 0.45 ms, found 2 plugins.
Preloading 0 native plugins for Editor in 0.00 ms.
Unloading 1431 Unused Serialized files (Serialized files now loaded: 0)
System memory in use before: 72.0 MB.
System memory in use after: 72.0 MB.

Unloading 17 unused Assets to reduce memory usage. Loaded Objects now: 1968.
Total: 2.652700 ms (FindLiveObjects: 0.231000 ms CreateObjectMapping: 0.045400 ms MarkObjects: 2.291200 ms  DeleteObjects: 0.082900 ms)

========================================================================
Received Prepare
Registering precompiled user dll's ...
Registered in 0.006492 seconds.
Begin MonoManager ReloadAssembly
Native extension for WindowsStandalone target not found
Native extension for OSXStandalone target not found
Refreshing native plugins compatible for Editor in 0.46 ms, found 2 plugins.
Preloading 0 native plugins for Editor in 0.00 ms.
Mono: successfully reloaded assembly
- Completed reload, in  1.222 seconds
Platform modules already initialized, skipping
Refreshing native plugins compatible for Editor in 0.47 ms, found 2 plugins.
Preloading 0 native plugins for Editor in 0.00 ms.
Unloading 1431 Unused Serialized files (Serialized files now loaded: 0)
System memory in use before: 72.0 MB.
System memory in use after: 72.0 MB.

Unloading 16 unused Assets to reduce memory usage. Loaded Objects now: 1971.
Total: 2.397300 ms (FindLiveObjects: 0.290700 ms CreateObjectMapping: 0.062900 ms MarkObjects: 1.960600 ms  DeleteObjects: 0.081900 ms)

========================================================================
Received Import Request.
  Time since last request: 12.851450 seconds.
  path: Assets/Scripts/Car/Follower.cs
  artifactKey: Guid(6e37c6cc467271946bcac29f6352bc74) Importer(815301076,1909f56bfc062723c751e8b465ee728b)
Start importing Assets/Scripts/Car/Follower.cs using Guid(6e37c6cc467271946bcac29f6352bc74) Importer(815301076,1909f56bfc062723c751e8b465ee728b)  -> (artifact id: '0e495d742e122e27337d9d2e0c388542') in 0.006797 seconds
  Import took 0.010219 seconds .

========================================================================
Received Prepare
Registering precompiled user dll's ...
Registered in 0.005687 seconds.
Begin MonoManager ReloadAssembly
Native extension for WindowsStandalone target not found
Native extension for OSXStandalone target not found
Refreshing native plugins compatible for Editor in 0.58 ms, found 2 plugins.
Preloading 0 native plugins for Editor in 0.00 ms.
Mono: successfully reloaded assembly
- Completed reload, in  1.264 seconds
Platform modules already initialized, skipping
Refreshing native plugins compatible for Editor in 0.45 ms, found 2 plugins.
Preloading 0 native plugins for Editor in 0.00 ms.
Unloading 1430 Unused Serialized files (Serialized files now loaded: 0)
System memory in use before: 72.0 MB.
System memory in use after: 72.0 MB.

Unloading 17 unused Assets to reduce memory usage. Loaded Objects now: 1973.
Total: 2.808400 ms (FindLiveObjects: 0.217000 ms CreateObjectMapping: 0.043000 ms MarkObjects: 2.459000 ms  DeleteObjects: 0.087700 ms)

========================================================================
Received Prepare
Registering precompiled user dll's ...
Registered in 0.006307 seconds.
Begin MonoManager ReloadAssembly
Native extension for WindowsStandalone target not found
Native extension for OSXStandalone target not found
Refreshing native plugins compatible for Editor in 0.68 ms, found 2 plugins.
Preloading 0 native plugins for Editor in 0.00 ms.
Mono: successfully reloaded assembly
- Completed reload, in  1.224 seconds
Platform modules already initialized, skipping
Refreshing native plugins compatible for Editor in 0.47 ms, found 2 plugins.
Preloading 0 native plugins for Editor in 0.00 ms.
Unloading 1430 Unused Serialized files (Serialized files now loaded: 0)
System memory in use before: 72.0 MB.
System memory in use after: 72.0 MB.

Unloading 16 unused Assets to reduce memory usage. Loaded Objects now: 1976.
Total: 3.056400 ms (FindLiveObjects: 0.231900 ms CreateObjectMapping: 0.051800 ms MarkObjects: 2.689300 ms  DeleteObjects: 0.080900 ms)

========================================================================
Received Prepare
Registering precompiled user dll's ...
Registered in 0.006218 seconds.
Begin MonoManager ReloadAssembly
Native extension for WindowsStandalone target not found
Native extension for OSXStandalone target not found
Refreshing native plugins compatible for Editor in 0.43 ms, found 2 plugins.
Preloading 0 native plugins for Editor in 0.00 ms.
Mono: successfully reloaded assembly
- Completed reload, in  1.251 seconds
Platform modules already initialized, skipping
Refreshing native plugins compatible for Editor in 0.52 ms, found 2 plugins.
Preloading 0 native plugins for Editor in 0.00 ms.
Unloading 1430 Unused Serialized files (Serialized files now loaded: 0)
System memory in use before: 72.0 MB.
System memory in use after: 72.0 MB.

Unloading 16 unused Assets to reduce memory usage. Loaded Objects now: 1979.
Total: 2.697800 ms (FindLiveObjects: 0.198900 ms CreateObjectMapping: 0.040600 ms MarkObjects: 2.385000 ms  DeleteObjects: 0.071700 ms)

AssetImportWorkerClient::OnTransportError - code=2 error=End of file
